[05:04:11] [modloading-worker-0/INFO] ========================================
[05:04:11] [modloading-worker-0/INFO] Minecraft: 1.20.1
[05:04:11] [modloading-worker-0/INFO] Side: server
[05:04:11] [modloading-worker-0/INFO] Development: false
[05:04:11] [modloading-worker-0/INFO] Version: 12.1.785
[05:04:11] [modloading-worker-0/INFO] Loader:
[05:04:11] [modloading-worker-0/INFO] - Forge: 47.3.7
[05:04:11] [modloading-worker-0/INFO] Dependencies:
[05:04:11] [modloading-worker-0/INFO] - Cloth Config: 11.1.136
[05:04:11] [modloading-worker-0/INFO] - Architectury: 9.2.14
[05:04:11] [modloading-worker-0/INFO] Mixin: 0.8.5
[05:04:11] [modloading-worker-0/INFO] OS: Linux 6.5.0-1025-azure (amd64)
[05:04:11] [modloading-worker-0/INFO] Java: 17.0.14 (Ubuntu)
[05:04:11] [modloading-worker-0/INFO] ========================================
[05:04:11] [modloading-worker-0/INFO] Mods:
[05:04:11] [modloading-worker-0/INFO] - alexscaves: 2.0.2
[05:04:11] [modloading-worker-0/INFO] - alexsmobs: 1.22.9
[05:04:11] [modloading-worker-0/INFO] - ambientsounds: 6.1.4
[05:04:11] [modloading-worker-0/INFO] - architectury: 9.2.14
[05:04:11] [modloading-worker-0/INFO] - artifacts: 9.5.13
[05:04:11] [modloading-worker-0/INFO] - badpackets: 0.4.3
[05:04:11] [modloading-worker-0/INFO] - balm: 7.3.14
[05:04:11] [modloading-worker-0/INFO] - betterdungeons: 1.20-Forge-4.0.4
[05:04:11] [modloading-worker-0/INFO] - citadel: 2.6.1
[05:04:11] [modloading-worker-0/INFO] - cloth_config: 11.1.136
[05:04:11] [modloading-worker-0/INFO] - comforts: 6.4.0+1.20.1
[05:04:11] [modloading-worker-0/INFO] - configlibtxf: 4.2.6-forge
[05:04:11] [modloading-worker-0/INFO] - creativecore: 2.12.31
[05:04:11] [modloading-worker-0/INFO] - curios: 5.11.1+1.20.1
[05:04:11] [modloading-worker-0/INFO] - dungeoncrawl: 2.3.15
[05:04:11] [modloading-worker-0/INFO] - dungeons_arise: 2.1.58-1.20.x
[05:04:11] [modloading-worker-0/INFO] - dynamiclights: 1.20.1.2
[05:04:11] [modloading-worker-0/INFO] - easymagic: 8.0.1
[05:04:11] [modloading-worker-0/INFO] - expandability: 9.0.4
[05:04:11] [modloading-worker-0/INFO] - fallingtree: 4.3.4
[05:04:11] [modloading-worker-0/INFO] - ferritecore: 6.0.1
[05:04:11] [modloading-worker-0/INFO] - forge: 47.3.7
[05:04:11] [modloading-worker-0/INFO] - iceandfire: 2.1.13-1.20.1
[05:04:11] [modloading-worker-0/INFO] - infernalmobs: 1.20.1.6
[05:04:11] [modloading-worker-0/INFO] - inventoryhud: 3.4.26
[05:04:11] [modloading-worker-0/INFO] - journeymap: 5.10.3
[05:04:11] [modloading-worker-0/INFO] - ksyxis: 1.3.3
[05:04:11] [modloading-worker-0/INFO] - kuma_api: 20.1.9-SNAPSHOT
[05:04:11] [modloading-worker-0/INFO] - minecraft: 1.20.1
[05:04:11] [modloading-worker-0/INFO] - mixinextras: 0.4.1
[05:04:11] [modloading-worker-0/INFO] - modernfix: 5.20.2+mc1.20.1
[05:04:11] [modloading-worker-0/INFO] - nerb: 0.4.1
[05:04:11] [modloading-worker-0/INFO] - octolib: 0.4.2
[05:04:11] [modloading-worker-0/INFO] - puzzlesaccessapi: 8.0.7
[05:04:11] [modloading-worker-0/INFO] - puzzleslib: 8.1.25
[05:04:11] [modloading-worker-0/INFO] - roughlyenoughitems: 12.1.785
[05:04:11] [modloading-worker-0/INFO] - sophisticatedbackpacks: 3.23.4.1196
[05:04:11] [modloading-worker-0/INFO] - sophisticatedcore: 1.2.8.864
[05:04:11] [modloading-worker-0/INFO] - spectrelib: 0.13.15+1.20.1
[05:04:11] [modloading-worker-0/INFO] - starlight: 1.1.2+forge.1cda73c
[05:04:11] [modloading-worker-0/INFO] - takesapillage: 1.0.3
[05:04:11] [modloading-worker-0/INFO] - terralith: 2.5.4
[05:04:11] [modloading-worker-0/INFO] - tombstone: 8.9.0
[05:04:11] [modloading-worker-0/INFO] - trashslot: 15.1.1
[05:04:11] [modloading-worker-0/INFO] - travelersbackpack: 9.1.29
[05:04:11] [modloading-worker-0/INFO] - waila: 8.16.1
[05:04:11] [modloading-worker-0/INFO] - walljump: 1.20.1-1.3.2-forge
[05:04:11] [modloading-worker-0/INFO] - wthit: 8.16.1
[05:04:11] [modloading-worker-0/INFO] - yungsapi: 1.20-Forge-4.0.6
[05:04:11] [modloading-worker-0/INFO] ========================================
[05:04:12] [modloading-worker-0/INFO] [REI] Registered plugin provider DefaultPluginImpl [roughlyenoughitems] for REIServerPlugin
[05:04:12] [modloading-worker-0/INFO] [REI] Registered plugin provider DefaultPluginImpl [roughlyenoughitems] for REIPlugin
[05:04:12] [modloading-worker-0/INFO] [REI] Registered plugin provider DefaultRuntimePlugin [roughlyenoughitems] for REIServerPlugin
[05:04:12] [modloading-worker-0/INFO] [REI] Registered plugin provider DefaultRuntimePlugin [roughlyenoughitems] for REIPlugin
[05:04:19] [Worker-Main-2/DEBUG] [REI] Processed 8 tags in 461.3 μs for minecraft:fluid
[05:04:19] [Worker-Main-3/DEBUG] [REI] Processed 5 tags in 313.7 μs for minecraft:game_event
[05:04:19] [Worker-Main-2/DEBUG] [REI] Processed 0 tags in 18.62 μs for minecraft:damage_type
[05:04:19] [Worker-Main-2/DEBUG] [REI] Processed 31 tags in 163.9 μs for minecraft:banner_pattern
[05:04:19] [Worker-Main-2/DEBUG] [REI] Processed 0 tags in 104.7 μs for minecraft:worldgen/biome
[05:04:19] [Worker-Main-1/DEBUG] [REI] Processed 569 tags in 3.032 ms for minecraft:item
[05:04:19] [Worker-Main-3/DEBUG] [REI] Processed 432 tags in 1.768 ms for minecraft:block
[05:04:19] [Worker-Main-3/DEBUG] [REI] Processed 82 tags in 274.7 μs for minecraft:entity_type
[05:04:19] [Worker-Main-3/DEBUG] [REI] Processed 3 tags in 57.86 μs for minecraft:point_of_interest_type
[05:04:19] [Worker-Main-2/DEBUG] [REI] Processed 0 tags in 5.150 μs for minecraft:worldgen/structure_set
[05:04:19] [Worker-Main-1/DEBUG] [REI] Processed 0 tags in 11.89 μs for minecraft:worldgen/structure
[05:04:19] [Worker-Main-2/DEBUG] [REI] Processed 1 tags in 19.99 μs for minecraft:mob_effect
[05:04:19] [Worker-Main-3/DEBUG] [REI] Processed 0 tags in 6.252 μs for minecraft:worldgen/flat_level_generator_preset
[05:04:19] [Worker-Main-2/DEBUG] [REI] Processed 4 tags in 23.61 μs for minecraft:instrument
[05:04:19] [Worker-Main-1/DEBUG] [REI] Processed 2 tags in 20.25 μs for minecraft:cat_variant
[05:04:19] [Worker-Main-2/DEBUG] [REI] Processed 0 tags in 5.891 μs for minecraft:worldgen/world_preset
[05:04:19] [Worker-Main-3/DEBUG] [REI] Processed 1 tags in 20.90 μs for minecraft:painting_variant
[05:04:20] [main/DEBUG] [REI] Starting Reload Plugins of stage null
java.lang.Throwable
	at TRANSFORMER/roughlyenoughitems@12.1.785/me.shedaniel.rei.impl.common.plugins.ReloadManagerImpl.reloadPlugins(ReloadManagerImpl.java:110)
	at TRANSFORMER/roughlyenoughitems@12.1.785/me.shedaniel.rei.RoughlyEnoughItemsCore.lambda$onInitialize$5(RoughlyEnoughItemsCore.java:163)
	at java.base/java.util.concurrent.CompletableFuture$UniRun.tryFire(CompletableFuture.java:787)
	at java.base/java.util.concurrent.CompletableFuture$Completion.run(CompletableFuture.java:482)
	at TRANSFORMER/minecraft@1.20.1/net.minecraft.server.packs.resources.SimpleReloadInstance.m_143940_(SimpleReloadInstance.java:69)
	at TRANSFORMER/minecraft@1.20.1/net.minecraft.Util.m_214652_(Util.java:783)
	at TRANSFORMER/minecraft@1.20.1/net.minecraft.Util.m_214679_(Util.java:772)
	at TRANSFORMER/minecraft@1.20.1/net.minecraft.server.Main.main(Main.java:166)
	at java.base/jdk.internal.reflect.NativeMethodAccessorImpl.invoke0(Native Method)
	at java.base/jdk.internal.reflect.NativeMethodAccessorImpl.invoke(NativeMethodAccessorImpl.java:77)
	at java.base/jdk.internal.reflect.DelegatingMethodAccessorImpl.invoke(DelegatingMethodAccessorImpl.java:43)
	at java.base/java.lang.reflect.Method.invoke(Method.java:569)
	at MC-BOOTSTRAP/fmlloader@1.20.1-47.3.7/net.minecraftforge.fml.loading.targets.CommonLaunchHandler.runTarget(CommonLaunchHandler.java:111)
	at MC-BOOTSTRAP/fmlloader@1.20.1-47.3.7/net.minecraftforge.fml.loading.targets.CommonLaunchHandler.serverService(CommonLaunchHandler.java:103)
	at MC-BOOTSTRAP/fmlloader@1.20.1-47.3.7/net.minecraftforge.fml.loading.targets.CommonServerLaunchHandler.lambda$makeService$0(CommonServerLaunchHandler.java:27)
	at MC-BOOTSTRAP/cpw.mods.modlauncher@10.0.9/cpw.mods.modlauncher.LaunchServiceHandlerDecorator.launch(LaunchServiceHandlerDecorator.java:30)
	at MC-BOOTSTRAP/cpw.mods.modlauncher@10.0.9/cpw.mods.modlauncher.LaunchServiceHandler.launch(LaunchServiceHandler.java:53)
	at MC-BOOTSTRAP/cpw.mods.modlauncher@10.0.9/cpw.mods.modlauncher.LaunchServiceHandler.launch(LaunchServiceHandler.java:71)
	at MC-BOOTSTRAP/cpw.mods.modlauncher@10.0.9/cpw.mods.modlauncher.Launcher.run(Launcher.java:108)
	at MC-BOOTSTRAP/cpw.mods.modlauncher@10.0.9/cpw.mods.modlauncher.Launcher.main(Launcher.java:78)
	at MC-BOOTSTRAP/cpw.mods.modlauncher@10.0.9/cpw.mods.modlauncher.BootstrapLaunchConsumer.accept(BootstrapLaunchConsumer.java:26)
	at MC-BOOTSTRAP/cpw.mods.modlauncher@10.0.9/cpw.mods.modlauncher.BootstrapLaunchConsumer.accept(BootstrapLaunchConsumer.java:23)
	at cpw.mods.bootstraplauncher@1.1.2/cpw.mods.bootstraplauncher.BootstrapLauncher.main(BootstrapLauncher.java:141)
[05:04:20] [main/DEBUG] [REI] ========================================
[05:04:20] [main/DEBUG] [REI] REIPlugin starting pre-reload for START.
[05:04:20] [main/DEBUG] [REI] Reloadables (7):
[05:04:20] [main/DEBUG] [REI]  - EntryTypeRegistryImpl
[05:04:20] [main/DEBUG] [REI]  - EntrySettingsAdapterRegistryImpl
[05:04:20] [main/DEBUG] [REI]  - RecipeManagerContextImpl
[05:04:20] [main/DEBUG] [REI]  - ItemComparatorRegistryImpl
[05:04:20] [main/DEBUG] [REI]  - FluidComparatorRegistryImpl
[05:04:20] [main/DEBUG] [REI]  - DisplaySerializerRegistryImpl
[05:04:20] [main/DEBUG] [REI]  - FluidSupportProviderImpl
[05:04:20] [main/DEBUG] [REI] Plugins (2):
[05:04:20] [main/DEBUG] [REI]  - (-100.00) DefaultPluginImpl of DefaultPluginImpl [roughlyenoughitems]
[05:04:20] [main/DEBUG] [REI]  - (0.00) DefaultRuntimePlugin of DefaultRuntimePlugin [roughlyenoughitems]
[05:04:20] [main/DEBUG] [REI] ========================================
[05:04:20] [main/TRACE] [REI] [REIPlugin START] Reloading Section: "pre-register/"
[05:04:20] [main/TRACE] [REI] [REIPlugin START] Reloading Section: "pre-register/DefaultPluginImpl of DefaultPluginImpl [roughlyenoughitems]/"
[05:04:20] [main/TRACE] [REI] [REIPlugin START] Reloading Section: "pre-register/DefaultPluginImpl of DefaultPluginImpl [roughlyenoughitems]/" done in 707.5 μs
[05:04:20] [main/TRACE] [REI] [REIPlugin START] Reloading Section: "pre-register/DefaultRuntimePlugin of DefaultRuntimePlugin [roughlyenoughitems]/"
[05:04:20] [main/TRACE] [REI] [REIPlugin START] Reloading Section: "pre-register/DefaultRuntimePlugin of DefaultRuntimePlugin [roughlyenoughitems]/" done in 79.77 μs
[05:04:20] [main/TRACE] [REI] [REIPlugin START] Reloading Section: "pre-register/" done in 9.165 ms
[05:04:20] [main/TRACE] [REI] [REIPlugin START] Reloading Section: "pre-stage/"
[05:04:20] [main/TRACE] [REI] [REIPlugin START] Reloading Section: "pre-stage/EntryTypeRegistryImpl/"
[05:04:20] [main/TRACE] [REI] [REIPlugin START] Reloading Section: "pre-stage/EntryTypeRegistryImpl/" done in 282.0 μs
[05:04:20] [main/TRACE] [REI] [REIPlugin START] Reloading Section: "pre-stage/EntrySettingsAdapterRegistryImpl/"
[05:04:20] [main/TRACE] [REI] [REIPlugin START] Reloading Section: "pre-stage/EntrySettingsAdapterRegistryImpl/" done in 71.86 μs
[05:04:20] [main/TRACE] [REI] [REIPlugin START] Reloading Section: "pre-stage/RecipeManagerContextImpl/"
[05:04:20] [main/TRACE] [REI] [REIPlugin START] Reloading Section: "pre-stage/RecipeManagerContextImpl/" done in 74.30 μs
[05:04:20] [main/TRACE] [REI] [REIPlugin START] Reloading Section: "pre-stage/ItemComparatorRegistryImpl/"
[05:04:20] [main/TRACE] [REI] [REIPlugin START] Reloading Section: "pre-stage/ItemComparatorRegistryImpl/" done in 69.60 μs
[05:04:20] [main/TRACE] [REI] [REIPlugin START] Reloading Section: "pre-stage/FluidComparatorRegistryImpl/"
[05:04:20] [main/TRACE] [REI] [REIPlugin START] Reloading Section: "pre-stage/FluidComparatorRegistryImpl/" done in 57.57 μs
[05:04:20] [main/TRACE] [REI] [REIPlugin START] Reloading Section: "pre-stage/DisplaySerializerRegistryImpl/"
[05:04:20] [main/TRACE] [REI] [REIPlugin START] Reloading Section: "pre-stage/DisplaySerializerRegistryImpl/" done in 60.97 μs
[05:04:20] [main/TRACE] [REI] [REIPlugin START] Reloading Section: "pre-stage/FluidSupportProviderImpl/"
[05:04:20] [main/TRACE] [REI] [REIPlugin START] Reloading Section: "pre-stage/FluidSupportProviderImpl/" done in 56.69 μs
[05:04:20] [main/TRACE] [REI] [REIPlugin START] Reloading Section: "pre-stage/" done in 1.754 ms
[05:04:20] [main/DEBUG] [REI] ========================================
[05:04:20] [main/DEBUG] [REI] REIPlugin finished pre-reload for START in 11.53 ms.
[05:04:20] [main/DEBUG] [REI] ========================================
[05:04:20] [main/DEBUG] [REI] ========================================
[05:04:20] [main/DEBUG] [REI] REIServerPlugin starting pre-reload for START.
[05:04:20] [main/DEBUG] [REI] Reloadables (2):
[05:04:20] [main/DEBUG] [REI]  - MenuInfoRegistryImpl
[05:04:20] [main/DEBUG] [REI]  - SlotAccessorRegistryImpl
[05:04:20] [main/DEBUG] [REI] Plugins (2):
[05:04:20] [main/DEBUG] [REI]  - (-100.00) DefaultPluginImpl of DefaultPluginImpl [roughlyenoughitems]
[05:04:20] [main/DEBUG] [REI]  - (0.00) DefaultRuntimePlugin of DefaultRuntimePlugin [roughlyenoughitems]
[05:04:20] [main/DEBUG] [REI] ========================================
[05:04:20] [main/TRACE] [REI] [REIServerPlugin START] Reloading Section: "pre-register/"
[05:04:20] [main/TRACE] [REI] [REIServerPlugin START] Reloading Section: "pre-register/DefaultPluginImpl of DefaultPluginImpl [roughlyenoughitems]/"
[05:04:20] [main/TRACE] [REI] [REIServerPlugin START] Reloading Section: "pre-register/DefaultPluginImpl of DefaultPluginImpl [roughlyenoughitems]/" done in 73.08 μs
[05:04:20] [main/TRACE] [REI] [REIServerPlugin START] Reloading Section: "pre-register/DefaultRuntimePlugin of DefaultRuntimePlugin [roughlyenoughitems]/"
[05:04:20] [main/TRACE] [REI] [REIServerPlugin START] Reloading Section: "pre-register/DefaultRuntimePlugin of DefaultRuntimePlugin [roughlyenoughitems]/" done in 70.09 μs
[05:04:20] [main/TRACE] [REI] [REIServerPlugin START] Reloading Section: "pre-register/" done in 505.8 μs
[05:04:20] [main/TRACE] [REI] [REIServerPlugin START] Reloading Section: "pre-stage/"
[05:04:20] [main/TRACE] [REI] [REIServerPlugin START] Reloading Section: "pre-stage/MenuInfoRegistryImpl/"
[05:04:20] [main/TRACE] [REI] [REIServerPlugin START] Reloading Section: "pre-stage/MenuInfoRegistryImpl/" done in 53.26 μs
[05:04:20] [main/TRACE] [REI] [REIServerPlugin START] Reloading Section: "pre-stage/SlotAccessorRegistryImpl/"
[05:04:20] [main/TRACE] [REI] [REIServerPlugin START] Reloading Section: "pre-stage/SlotAccessorRegistryImpl/" done in 64.59 μs
[05:04:20] [main/TRACE] [REI] [REIServerPlugin START] Reloading Section: "pre-stage/" done in 430.9 μs
[05:04:20] [main/DEBUG] [REI] ========================================
[05:04:20] [main/DEBUG] [REI] REIServerPlugin finished pre-reload for START in 1.203 ms.
[05:04:20] [main/DEBUG] [REI] ========================================
[05:04:20] [main/INFO] [REI] ****************************************
[05:04:20] [main/INFO] [REI] REIPlugin starting main-reload for START.
[05:04:20] [main/DEBUG] [REI] Reloadables (7):
[05:04:20] [main/DEBUG] [REI]  - EntryTypeRegistryImpl
[05:04:20] [main/DEBUG] [REI]  - EntrySettingsAdapterRegistryImpl
[05:04:20] [main/DEBUG] [REI]  - RecipeManagerContextImpl
[05:04:20] [main/DEBUG] [REI]  - ItemComparatorRegistryImpl
[05:04:20] [main/DEBUG] [REI]  - FluidComparatorRegistryImpl
[05:04:20] [main/DEBUG] [REI]  - DisplaySerializerRegistryImpl
[05:04:20] [main/DEBUG] [REI]  - FluidSupportProviderImpl
[05:04:20] [main/INFO] [REI] Plugins (2):
[05:04:20] [main/INFO] [REI]  - (-100.00) DefaultPluginImpl of DefaultPluginImpl [roughlyenoughitems]
[05:04:20] [main/INFO] [REI]  - (0.00) DefaultRuntimePlugin of DefaultRuntimePlugin [roughlyenoughitems]
[05:04:20] [main/INFO] [REI] ****************************************
[05:04:20] [main/TRACE] [REI] [REIPlugin START] Reloading Section: "start-reload/"
[05:04:20] [main/TRACE] [REI] [REIPlugin START] Reloading Section: "start-reload/EntryTypeRegistryImpl/"
[05:04:20] [main/TRACE] [REI] [REIPlugin START] Reloading Section: "start-reload/EntryTypeRegistryImpl/" done in 96.75 μs
[05:04:20] [main/TRACE] [REI] [REIPlugin START] Reloading Section: "start-reload/EntrySettingsAdapterRegistryImpl/"
[05:04:20] [main/TRACE] [REI] [REIPlugin START] Reloading Section: "start-reload/EntrySettingsAdapterRegistryImpl/" done in 55.00 μs
[05:04:20] [main/TRACE] [REI] [REIPlugin START] Reloading Section: "start-reload/RecipeManagerContextImpl/"
[05:04:20] [main/TRACE] [REI] [REIPlugin START] Reloading Section: "start-reload/RecipeManagerContextImpl/" done in 57.35 μs
[05:04:20] [main/TRACE] [REI] [REIPlugin START] Reloading Section: "start-reload/ItemComparatorRegistryImpl/"
[05:04:20] [main/TRACE] [REI] [REIPlugin START] Reloading Section: "start-reload/ItemComparatorRegistryImpl/" done in 75.93 μs
[05:04:20] [main/TRACE] [REI] [REIPlugin START] Reloading Section: "start-reload/FluidComparatorRegistryImpl/"
[05:04:20] [main/TRACE] [REI] [REIPlugin START] Reloading Section: "start-reload/FluidComparatorRegistryImpl/" done in 55.78 μs
[05:04:20] [main/TRACE] [REI] [REIPlugin START] Reloading Section: "start-reload/DisplaySerializerRegistryImpl/"
[05:04:20] [main/TRACE] [REI] [REIPlugin START] Reloading Section: "start-reload/DisplaySerializerRegistryImpl/" done in 53.12 μs
[05:04:20] [main/TRACE] [REI] [REIPlugin START] Reloading Section: "start-reload/FluidSupportProviderImpl/"
[05:04:20] [main/TRACE] [REI] [REIPlugin START] Reloading Section: "start-reload/FluidSupportProviderImpl/" done in 65.66 μs
[05:04:20] [main/TRACE] [REI] [REIPlugin START] Reloading Section: "start-reload/" done in 1.394 ms
[05:04:20] [main/DEBUG] [REI] ========================================
[05:04:20] [main/DEBUG] [REI] REIPlugin started main-reload for START.
[05:04:20] [main/DEBUG] [REI] ========================================
[05:04:20] [main/TRACE] [REI] [REIPlugin START] Reloading Section: "reloadable-plugin/EntryTypeRegistryImpl/"
[05:04:20] [main/TRACE] [REI] [REIPlugin START] Reloading Section: "reloadable-plugin/EntryTypeRegistryImpl/DefaultPluginImpl of DefaultPluginImpl [roughlyenoughitems]/"
[05:04:20] [main/TRACE] [REI] [REIPlugin START] Reloading Section: "reloadable-plugin/EntryTypeRegistryImpl/DefaultPluginImpl of DefaultPluginImpl [roughlyenoughitems]/" done in 287.2 μs
[05:04:20] [main/TRACE] [REI] [REIPlugin START] Reloading Section: "reloadable-plugin/EntryTypeRegistryImpl/DefaultRuntimePlugin of DefaultRuntimePlugin [roughlyenoughitems]/"
[05:04:20] [main/TRACE] [REI] [REIPlugin START] Reloading Section: "reloadable-plugin/EntryTypeRegistryImpl/DefaultRuntimePlugin of DefaultRuntimePlugin [roughlyenoughitems]/" done in 18.20 ms
[05:04:20] [main/TRACE] [REI] [REIPlugin START] Reloading Section: "reloadable-plugin/EntryTypeRegistryImpl/" done in 19.67 ms
[05:04:20] [main/TRACE] [REI] [REIPlugin START] Reloading Section: "reloadable-plugin/EntrySettingsAdapterRegistryImpl/"
[05:04:20] [main/TRACE] [REI] [REIPlugin START] Reloading Section: "reloadable-plugin/EntrySettingsAdapterRegistryImpl/DefaultPluginImpl of DefaultPluginImpl [roughlyenoughitems]/"
[05:04:20] [main/TRACE] [REI] [REIPlugin START] Reloading Section: "reloadable-plugin/EntrySettingsAdapterRegistryImpl/DefaultPluginImpl of DefaultPluginImpl [roughlyenoughitems]/" done in 82.75 μs
[05:04:20] [main/TRACE] [REI] [REIPlugin START] Reloading Section: "reloadable-plugin/EntrySettingsAdapterRegistryImpl/DefaultRuntimePlugin of DefaultRuntimePlugin [roughlyenoughitems]/"
[05:04:20] [main/TRACE] [REI] [REIPlugin START] Reloading Section: "reloadable-plugin/EntrySettingsAdapterRegistryImpl/DefaultRuntimePlugin of DefaultRuntimePlugin [roughlyenoughitems]/" done in 77.83 μs
[05:04:20] [main/TRACE] [REI] [REIPlugin START] Reloading Section: "reloadable-plugin/EntrySettingsAdapterRegistryImpl/" done in 584.8 μs
[05:04:20] [main/TRACE] [REI] [REIPlugin START] Reloading Section: "reloadable-plugin/RecipeManagerContextImpl/"
[05:04:20] [main/TRACE] [REI] [REIPlugin START] Reloading Section: "reloadable-plugin/RecipeManagerContextImpl/DefaultPluginImpl of DefaultPluginImpl [roughlyenoughitems]/"
[05:04:20] [main/TRACE] [REI] [REIPlugin START] Reloading Section: "reloadable-plugin/RecipeManagerContextImpl/DefaultPluginImpl of DefaultPluginImpl [roughlyenoughitems]/" done in 63.83 μs
[05:04:20] [main/TRACE] [REI] [REIPlugin START] Reloading Section: "reloadable-plugin/RecipeManagerContextImpl/DefaultRuntimePlugin of DefaultRuntimePlugin [roughlyenoughitems]/"
[05:04:20] [main/TRACE] [REI] [REIPlugin START] Reloading Section: "reloadable-plugin/RecipeManagerContextImpl/DefaultRuntimePlugin of DefaultRuntimePlugin [roughlyenoughitems]/" done in 86.53 μs
[05:04:20] [main/TRACE] [REI] [REIPlugin START] Reloading Section: "reloadable-plugin/RecipeManagerContextImpl/" done in 474.0 μs
[05:04:20] [main/TRACE] [REI] [REIPlugin START] Reloading Section: "reloadable-plugin/ItemComparatorRegistryImpl/"
[05:04:20] [main/TRACE] [REI] [REIPlugin START] Reloading Section: "reloadable-plugin/ItemComparatorRegistryImpl/DefaultPluginImpl of DefaultPluginImpl [roughlyenoughitems]/"
[05:04:20] [main/TRACE] [REI] [REIPlugin START] Reloading Section: "reloadable-plugin/ItemComparatorRegistryImpl/DefaultPluginImpl of DefaultPluginImpl [roughlyenoughitems]/" done in 1.683 ms
[05:04:20] [main/TRACE] [REI] [REIPlugin START] Reloading Section: "reloadable-plugin/ItemComparatorRegistryImpl/DefaultRuntimePlugin of DefaultRuntimePlugin [roughlyenoughitems]/"
[05:04:20] [main/TRACE] [REI] [REIPlugin START] Reloading Section: "reloadable-plugin/ItemComparatorRegistryImpl/DefaultRuntimePlugin of DefaultRuntimePlugin [roughlyenoughitems]/" done in 71.50 μs
[05:04:20] [main/TRACE] [REI] [REIPlugin START] Reloading Section: "reloadable-plugin/ItemComparatorRegistryImpl/" done in 2.121 ms
[05:04:20] [main/TRACE] [REI] [REIPlugin START] Reloading Section: "reloadable-plugin/FluidComparatorRegistryImpl/"
[05:04:20] [main/TRACE] [REI] [REIPlugin START] Reloading Section: "reloadable-plugin/FluidComparatorRegistryImpl/DefaultPluginImpl of DefaultPluginImpl [roughlyenoughitems]/"
[05:04:20] [main/TRACE] [REI] [REIPlugin START] Reloading Section: "reloadable-plugin/FluidComparatorRegistryImpl/DefaultPluginImpl of DefaultPluginImpl [roughlyenoughitems]/" done in 192.9 μs
[05:04:20] [main/TRACE] [REI] [REIPlugin START] Reloading Section: "reloadable-plugin/FluidComparatorRegistryImpl/DefaultRuntimePlugin of DefaultRuntimePlugin [roughlyenoughitems]/"
[05:04:20] [main/TRACE] [REI] [REIPlugin START] Reloading Section: "reloadable-plugin/FluidComparatorRegistryImpl/DefaultRuntimePlugin of DefaultRuntimePlugin [roughlyenoughitems]/" done in 74.11 μs
[05:04:20] [main/TRACE] [REI] [REIPlugin START] Reloading Section: "reloadable-plugin/FluidComparatorRegistryImpl/" done in 2.349 ms
[05:04:20] [main/TRACE] [REI] [REIPlugin START] Reloading Section: "reloadable-plugin/DisplaySerializerRegistryImpl/"
[05:04:20] [main/TRACE] [REI] [REIPlugin START] Reloading Section: "reloadable-plugin/DisplaySerializerRegistryImpl/DefaultPluginImpl of DefaultPluginImpl [roughlyenoughitems]/"
[05:04:20] [main/TRACE] [REI] [REIPlugin START] Reloading Section: "reloadable-plugin/DisplaySerializerRegistryImpl/DefaultPluginImpl of DefaultPluginImpl [roughlyenoughitems]/" done in 58.15 μs
[05:04:20] [main/TRACE] [REI] [REIPlugin START] Reloading Section: "reloadable-plugin/DisplaySerializerRegistryImpl/DefaultRuntimePlugin of DefaultRuntimePlugin [roughlyenoughitems]/"
[05:04:20] [main/TRACE] [REI] [REIPlugin START] Reloading Section: "reloadable-plugin/DisplaySerializerRegistryImpl/DefaultRuntimePlugin of DefaultRuntimePlugin [roughlyenoughitems]/" done in 63.57 μs
[05:04:20] [main/TRACE] [REI] [REIPlugin START] Reloading Section: "reloadable-plugin/DisplaySerializerRegistryImpl/" done in 826.9 μs
[05:04:20] [main/TRACE] [REI] [REIPlugin START] Reloading Section: "reloadable-plugin/FluidSupportProviderImpl/"
[05:04:20] [main/TRACE] [REI] [REIPlugin START] Reloading Section: "reloadable-plugin/FluidSupportProviderImpl/DefaultPluginImpl of DefaultPluginImpl [roughlyenoughitems]/"
[05:04:20] [main/TRACE] [REI] [REIPlugin START] Reloading Section: "reloadable-plugin/FluidSupportProviderImpl/DefaultPluginImpl of DefaultPluginImpl [roughlyenoughitems]/" done in 627.3 μs
[05:04:20] [main/TRACE] [REI] [REIPlugin START] Reloading Section: "reloadable-plugin/FluidSupportProviderImpl/DefaultRuntimePlugin of DefaultRuntimePlugin [roughlyenoughitems]/"
[05:04:20] [main/TRACE] [REI] [REIPlugin START] Reloading Section: "reloadable-plugin/FluidSupportProviderImpl/DefaultRuntimePlugin of DefaultRuntimePlugin [roughlyenoughitems]/" done in 312.0 μs
[05:04:20] [main/TRACE] [REI] [REIPlugin START] Reloading Section: "reloadable-plugin/FluidSupportProviderImpl/" done in 2.360 ms
[05:04:20] [main/DEBUG] [REI] ========================================
[05:04:20] [main/DEBUG] [REI] REIPlugin ending main-reload for START.
[05:04:20] [main/DEBUG] [REI] ========================================
[05:04:20] [main/TRACE] [REI] [REIPlugin START] Reloading Section: "end-reload/"
[05:04:20] [main/TRACE] [REI] [REIPlugin START] Reloading Section: "end-reload/EntryTypeRegistryImpl/"
[05:04:20] [main/TRACE] [REI] [REIPlugin START] Reloading Section: "end-reload/EntryTypeRegistryImpl/" done in 154.1 μs
[05:04:20] [main/TRACE] [REI] [REIPlugin START] Reloading Section: "end-reload/EntrySettingsAdapterRegistryImpl/"
[05:04:20] [main/TRACE] [REI] [REIPlugin START] Reloading Section: "end-reload/EntrySettingsAdapterRegistryImpl/" done in 130.0 μs
[05:04:20] [main/TRACE] [REI] [REIPlugin START] Reloading Section: "end-reload/RecipeManagerContextImpl/"
[05:04:20] [main/TRACE] [REI] [REIPlugin START] Reloading Section: "end-reload/RecipeManagerContextImpl/" done in 130.6 μs
[05:04:20] [main/TRACE] [REI] [REIPlugin START] Reloading Section: "end-reload/ItemComparatorRegistryImpl/"
[05:04:20] [main/TRACE] [REI] [REIPlugin START] Reloading Section: "end-reload/ItemComparatorRegistryImpl/" done in 126.0 μs
[05:04:20] [main/TRACE] [REI] [REIPlugin START] Reloading Section: "end-reload/FluidComparatorRegistryImpl/"
[05:04:20] [main/TRACE] [REI] [REIPlugin START] Reloading Section: "end-reload/FluidComparatorRegistryImpl/" done in 123.8 μs
[05:04:20] [main/TRACE] [REI] [REIPlugin START] Reloading Section: "end-reload/DisplaySerializerRegistryImpl/"
[05:04:20] [main/TRACE] [REI] [REIPlugin START] Reloading Section: "end-reload/DisplaySerializerRegistryImpl/" done in 104.4 μs
[05:04:20] [main/TRACE] [REI] [REIPlugin START] Reloading Section: "end-reload/FluidSupportProviderImpl/"
[05:04:20] [main/TRACE] [REI] [REIPlugin START] Reloading Section: "end-reload/FluidSupportProviderImpl/" done in 51.88 μs
[05:04:20] [main/TRACE] [REI] [REIPlugin START] Reloading Section: "end-reload/" done in 2.304 ms
[05:04:20] [main/DEBUG] [REI] ========================================
[05:04:20] [main/DEBUG] [REI] REIPlugin ended main-reload for START in 37.89 ms.
[05:04:20] [main/DEBUG] [REI] ========================================
[05:04:20] [main/INFO] [REI] @@@@@@@@@@@@@@@@@@@@@@@@@@@@@@@@@@@@@@@@
[05:04:20] [main/INFO] [REI] REIServerPlugin starting main-reload for START.
[05:04:20] [main/DEBUG] [REI] Reloadables (2):
[05:04:20] [main/DEBUG] [REI]  - MenuInfoRegistryImpl
[05:04:20] [main/DEBUG] [REI]  - SlotAccessorRegistryImpl
[05:04:20] [main/INFO] [REI] Plugins (2):
[05:04:20] [main/INFO] [REI]  - (-100.00) DefaultPluginImpl of DefaultPluginImpl [roughlyenoughitems]
[05:04:20] [main/INFO] [REI]  - (0.00) DefaultRuntimePlugin of DefaultRuntimePlugin [roughlyenoughitems]
[05:04:20] [main/INFO] [REI] @@@@@@@@@@@@@@@@@@@@@@@@@@@@@@@@@@@@@@@@
[05:04:20] [main/TRACE] [REI] [REIServerPlugin START] Reloading Section: "start-reload/"
[05:04:20] [main/TRACE] [REI] [REIServerPlugin START] Reloading Section: "start-reload/MenuInfoRegistryImpl/"
[05:04:20] [main/TRACE] [REI] [REIServerPlugin START] Reloading Section: "start-reload/MenuInfoRegistryImpl/" done in 62.80 μs
[05:04:20] [main/TRACE] [REI] [REIServerPlugin START] Reloading Section: "start-reload/SlotAccessorRegistryImpl/"
[05:04:20] [main/TRACE] [REI] [REIServerPlugin START] Reloading Section: "start-reload/SlotAccessorRegistryImpl/" done in 61.46 μs
[05:04:20] [main/TRACE] [REI] [REIServerPlugin START] Reloading Section: "start-reload/" done in 454.3 μs
[05:04:20] [main/DEBUG] [REI] ========================================
[05:04:20] [main/DEBUG] [REI] REIServerPlugin started main-reload for START.
[05:04:20] [main/DEBUG] [REI] ========================================
[05:04:20] [main/TRACE] [REI] [REIServerPlugin START] Reloading Section: "reloadable-plugin/MenuInfoRegistryImpl/"
[05:04:20] [main/TRACE] [REI] [REIServerPlugin START] Reloading Section: "reloadable-plugin/MenuInfoRegistryImpl/DefaultPluginImpl of DefaultPluginImpl [roughlyenoughitems]/"
[05:04:20] [main/TRACE] [REI] [REIServerPlugin START] Reloading Section: "reloadable-plugin/MenuInfoRegistryImpl/DefaultPluginImpl of DefaultPluginImpl [roughlyenoughitems]/" done in 66.99 μs
[05:04:20] [main/TRACE] [REI] [REIServerPlugin START] Reloading Section: "reloadable-plugin/MenuInfoRegistryImpl/DefaultRuntimePlugin of DefaultRuntimePlugin [roughlyenoughitems]/"
[05:04:20] [main/TRACE] [REI] [REIServerPlugin START] Reloading Section: "reloadable-plugin/MenuInfoRegistryImpl/DefaultRuntimePlugin of DefaultRuntimePlugin [roughlyenoughitems]/" done in 72.18 μs
[05:04:20] [main/TRACE] [REI] [REIServerPlugin START] Reloading Section: "reloadable-plugin/MenuInfoRegistryImpl/" done in 560.1 μs
[05:04:20] [main/TRACE] [REI] [REIServerPlugin START] Reloading Section: "reloadable-plugin/SlotAccessorRegistryImpl/"
[05:04:20] [main/TRACE] [REI] [REIServerPlugin START] Reloading Section: "reloadable-plugin/SlotAccessorRegistryImpl/DefaultPluginImpl of DefaultPluginImpl [roughlyenoughitems]/"
[05:04:20] [main/TRACE] [REI] [REIServerPlugin START] Reloading Section: "reloadable-plugin/SlotAccessorRegistryImpl/DefaultPluginImpl of DefaultPluginImpl [roughlyenoughitems]/" done in 62.64 μs
[05:04:20] [main/TRACE] [REI] [REIServerPlugin START] Reloading Section: "reloadable-plugin/SlotAccessorRegistryImpl/DefaultRuntimePlugin of DefaultRuntimePlugin [roughlyenoughitems]/"
[05:04:20] [main/TRACE] [REI] [REIServerPlugin START] Reloading Section: "reloadable-plugin/SlotAccessorRegistryImpl/DefaultRuntimePlugin of DefaultRuntimePlugin [roughlyenoughitems]/" done in 64.64 μs
[05:04:20] [main/TRACE] [REI] [REIServerPlugin START] Reloading Section: "reloadable-plugin/SlotAccessorRegistryImpl/" done in 464.5 μs
[05:04:20] [main/DEBUG] [REI] ========================================
[05:04:20] [main/DEBUG] [REI] REIServerPlugin ending main-reload for START.
[05:04:20] [main/DEBUG] [REI] ========================================
[05:04:20] [main/TRACE] [REI] [REIServerPlugin START] Reloading Section: "end-reload/"
[05:04:20] [main/TRACE] [REI] [REIServerPlugin START] Reloading Section: "end-reload/MenuInfoRegistryImpl/"
[05:04:20] [main/TRACE] [REI] [REIServerPlugin START] Reloading Section: "end-reload/MenuInfoRegistryImpl/" done in 57.03 μs
[05:04:20] [main/TRACE] [REI] [REIServerPlugin START] Reloading Section: "end-reload/SlotAccessorRegistryImpl/"
[05:04:20] [main/TRACE] [REI] [REIServerPlugin START] Reloading Section: "end-reload/SlotAccessorRegistryImpl/" done in 51.83 μs
[05:04:20] [main/TRACE] [REI] [REIServerPlugin START] Reloading Section: "end-reload/" done in 423.6 μs
[05:04:20] [main/DEBUG] [REI] ========================================
[05:04:20] [main/DEBUG] [REI] REIServerPlugin ended main-reload for START in 5.881 ms.
[05:04:20] [main/DEBUG] [REI] ========================================
[05:04:20] [main/DEBUG] [REI] ========================================
[05:04:20] [main/DEBUG] [REI] REIPlugin starting post-reload for START.
[05:04:20] [main/DEBUG] [REI] Reloadables (7):
[05:04:20] [main/DEBUG] [REI]  - EntryTypeRegistryImpl
[05:04:20] [main/DEBUG] [REI]  - EntrySettingsAdapterRegistryImpl
[05:04:20] [main/DEBUG] [REI]  - RecipeManagerContextImpl
[05:04:20] [main/DEBUG] [REI]  - ItemComparatorRegistryImpl
[05:04:20] [main/DEBUG] [REI]  - FluidComparatorRegistryImpl
[05:04:20] [main/DEBUG] [REI]  - DisplaySerializerRegistryImpl
[05:04:20] [main/DEBUG] [REI]  - FluidSupportProviderImpl
[05:04:20] [main/DEBUG] [REI] Plugins (2):
[05:04:20] [main/DEBUG] [REI]  - (-100.00) DefaultPluginImpl of DefaultPluginImpl [roughlyenoughitems]
[05:04:20] [main/DEBUG] [REI]  - (0.00) DefaultRuntimePlugin of DefaultRuntimePlugin [roughlyenoughitems]
[05:04:20] [main/DEBUG] [REI] ========================================
[05:04:20] [main/TRACE] [REI] [REIPlugin START] Reloading Section: "post-register/"
[05:04:20] [main/TRACE] [REI] [REIPlugin START] Reloading Section: "post-register/DefaultPluginImpl of DefaultPluginImpl [roughlyenoughitems]/"
[05:04:20] [main/TRACE] [REI] [REIPlugin START] Reloading Section: "post-register/DefaultPluginImpl of DefaultPluginImpl [roughlyenoughitems]/" done in 249.0 μs
[05:04:20] [main/TRACE] [REI] [REIPlugin START] Reloading Section: "post-register/DefaultRuntimePlugin of DefaultRuntimePlugin [roughlyenoughitems]/"
[05:04:20] [main/TRACE] [REI] [REIPlugin START] Reloading Section: "post-register/DefaultRuntimePlugin of DefaultRuntimePlugin [roughlyenoughitems]/" done in 60.69 μs
[05:04:20] [main/TRACE] [REI] [REIPlugin START] Reloading Section: "post-register/" done in 863.5 μs
[05:04:20] [main/TRACE] [REI] [REIPlugin START] Reloading Section: "post-stage/"
[05:04:20] [main/TRACE] [REI] [REIPlugin START] Reloading Section: "post-stage/EntryTypeRegistryImpl/"
[05:04:20] [main/TRACE] [REI] [REIPlugin START] Reloading Section: "post-stage/EntryTypeRegistryImpl/" done in 73.79 μs
[05:04:20] [main/TRACE] [REI] [REIPlugin START] Reloading Section: "post-stage/EntrySettingsAdapterRegistryImpl/"
[05:04:20] [main/TRACE] [REI] [REIPlugin START] Reloading Section: "post-stage/EntrySettingsAdapterRegistryImpl/" done in 57.51 μs
[05:04:20] [main/TRACE] [REI] [REIPlugin START] Reloading Section: "post-stage/RecipeManagerContextImpl/"
[05:04:20] [main/TRACE] [REI] [REIPlugin START] Reloading Section: "post-stage/RecipeManagerContextImpl/" done in 55.74 μs
[05:04:20] [main/TRACE] [REI] [REIPlugin START] Reloading Section: "post-stage/ItemComparatorRegistryImpl/"
[05:04:20] [main/TRACE] [REI] [REIPlugin START] Reloading Section: "post-stage/ItemComparatorRegistryImpl/" done in 54.27 μs
[05:04:20] [main/TRACE] [REI] [REIPlugin START] Reloading Section: "post-stage/FluidComparatorRegistryImpl/"
[05:04:20] [main/TRACE] [REI] [REIPlugin START] Reloading Section: "post-stage/FluidComparatorRegistryImpl/" done in 53.89 μs
[05:04:20] [main/TRACE] [REI] [REIPlugin START] Reloading Section: "post-stage/DisplaySerializerRegistryImpl/"
[05:04:20] [main/TRACE] [REI] [REIPlugin START] Reloading Section: "post-stage/DisplaySerializerRegistryImpl/" done in 63.38 μs
[05:04:20] [main/TRACE] [REI] [REIPlugin START] Reloading Section: "post-stage/FluidSupportProviderImpl/"
[05:04:20] [main/TRACE] [REI] [REIPlugin START] Reloading Section: "post-stage/FluidSupportProviderImpl/" done in 52.22 μs
[05:04:20] [main/TRACE] [REI] [REIPlugin START] Reloading Section: "post-stage/" done in 1.323 ms
[05:04:20] [main/DEBUG] [REI] ========================================
[05:04:20] [main/INFO] [REI] REIPlugin finished post-reload for START in 2.425 ms, totaling 51.75 ms.
[05:04:20] [main/DEBUG] [REI] ========================================
[05:04:20] [main/DEBUG] [REI] ========================================
[05:04:20] [main/DEBUG] [REI] REIServerPlugin starting post-reload for START.
[05:04:20] [main/DEBUG] [REI] Reloadables (2):
[05:04:20] [main/DEBUG] [REI]  - MenuInfoRegistryImpl
[05:04:20] [main/DEBUG] [REI]  - SlotAccessorRegistryImpl
[05:04:20] [main/DEBUG] [REI] Plugins (2):
[05:04:20] [main/DEBUG] [REI]  - (-100.00) DefaultPluginImpl of DefaultPluginImpl [roughlyenoughitems]
[05:04:20] [main/DEBUG] [REI]  - (0.00) DefaultRuntimePlugin of DefaultRuntimePlugin [roughlyenoughitems]
[05:04:20] [main/DEBUG] [REI] ========================================
[05:04:20] [main/TRACE] [REI] [REIServerPlugin START] Reloading Section: "post-register/"
[05:04:20] [main/TRACE] [REI] [REIServerPlugin START] Reloading Section: "post-register/DefaultPluginImpl of DefaultPluginImpl [roughlyenoughitems]/"
[05:04:20] [main/TRACE] [REI] [REIServerPlugin START] Reloading Section: "post-register/DefaultPluginImpl of DefaultPluginImpl [roughlyenoughitems]/" done in 65.72 μs
[05:04:20] [main/TRACE] [REI] [REIServerPlugin START] Reloading Section: "post-register/DefaultRuntimePlugin of DefaultRuntimePlugin [roughlyenoughitems]/"
[05:04:20] [main/TRACE] [REI] [REIServerPlugin START] Reloading Section: "post-register/DefaultRuntimePlugin of DefaultRuntimePlugin [roughlyenoughitems]/" done in 52.96 μs
[05:04:20] [main/TRACE] [REI] [REIServerPlugin START] Reloading Section: "post-register/" done in 427.7 μs
[05:04:20] [main/TRACE] [REI] [REIServerPlugin START] Reloading Section: "post-stage/"
[05:04:20] [main/TRACE] [REI] [REIServerPlugin START] Reloading Section: "post-stage/MenuInfoRegistryImpl/"
[05:04:20] [main/TRACE] [REI] [REIServerPlugin START] Reloading Section: "post-stage/MenuInfoRegistryImpl/" done in 47.70 μs
[05:04:20] [main/TRACE] [REI] [REIServerPlugin START] Reloading Section: "post-stage/SlotAccessorRegistryImpl/"
[05:04:20] [main/TRACE] [REI] [REIServerPlugin START] Reloading Section: "post-stage/SlotAccessorRegistryImpl/" done in 47.46 μs
[05:04:20] [main/TRACE] [REI] [REIServerPlugin START] Reloading Section: "post-stage/" done in 335.6 μs
[05:04:20] [main/DEBUG] [REI] ========================================
[05:04:20] [main/INFO] [REI] REIServerPlugin finished post-reload for START in 964.0 μs, totaling 7.973 ms.
[05:04:20] [main/DEBUG] [REI] ========================================
[05:04:20] [main/DEBUG] [REI] ========================================
[05:04:20] [main/DEBUG] [REI] REIPlugin starting pre-reload for END.
[05:04:20] [main/DEBUG] [REI] Reloadables (7):
[05:04:20] [main/DEBUG] [REI]  - EntryTypeRegistryImpl
[05:04:20] [main/DEBUG] [REI]  - EntrySettingsAdapterRegistryImpl
[05:04:20] [main/DEBUG] [REI]  - RecipeManagerContextImpl
[05:04:20] [main/DEBUG] [REI]  - ItemComparatorRegistryImpl
[05:04:20] [main/DEBUG] [REI]  - FluidComparatorRegistryImpl
[05:04:20] [main/DEBUG] [REI]  - DisplaySerializerRegistryImpl
[05:04:20] [main/DEBUG] [REI]  - FluidSupportProviderImpl
[05:04:20] [main/DEBUG] [REI] Plugins (2):
[05:04:20] [main/DEBUG] [REI]  - (-100.00) DefaultPluginImpl of DefaultPluginImpl [roughlyenoughitems]
[05:04:20] [main/DEBUG] [REI]  - (0.00) DefaultRuntimePlugin of DefaultRuntimePlugin [roughlyenoughitems]
[05:04:20] [main/DEBUG] [REI] ========================================
[05:04:20] [main/TRACE] [REI] [REIPlugin END] Reloading Section: "pre-register/"
[05:04:20] [main/TRACE] [REI] [REIPlugin END] Reloading Section: "pre-register/DefaultPluginImpl of DefaultPluginImpl [roughlyenoughitems]/"
[05:04:20] [main/TRACE] [REI] [REIPlugin END] Reloading Section: "pre-register/DefaultPluginImpl of DefaultPluginImpl [roughlyenoughitems]/" done in 51.59 μs
[05:04:20] [main/TRACE] [REI] [REIPlugin END] Reloading Section: "pre-register/DefaultRuntimePlugin of DefaultRuntimePlugin [roughlyenoughitems]/"
[05:04:20] [main/TRACE] [REI] [REIPlugin END] Reloading Section: "pre-register/DefaultRuntimePlugin of DefaultRuntimePlugin [roughlyenoughitems]/" done in 51.84 μs
[05:04:20] [main/TRACE] [REI] [REIPlugin END] Reloading Section: "pre-register/" done in 390.8 μs
[05:04:20] [main/TRACE] [REI] [REIPlugin END] Reloading Section: "pre-stage/"
[05:04:20] [main/TRACE] [REI] [REIPlugin END] Reloading Section: "pre-stage/EntryTypeRegistryImpl/"
[05:04:20] [main/TRACE] [REI] [REIPlugin END] Reloading Section: "pre-stage/EntryTypeRegistryImpl/" done in 48.38 μs
[05:04:20] [main/TRACE] [REI] [REIPlugin END] Reloading Section: "pre-stage/EntrySettingsAdapterRegistryImpl/"
[05:04:20] [main/TRACE] [REI] [REIPlugin END] Reloading Section: "pre-stage/EntrySettingsAdapterRegistryImpl/" done in 49.76 μs
[05:04:20] [main/TRACE] [REI] [REIPlugin END] Reloading Section: "pre-stage/RecipeManagerContextImpl/"
[05:04:20] [main/TRACE] [REI] [REIPlugin END] Reloading Section: "pre-stage/RecipeManagerContextImpl/" done in 69.74 μs
[05:04:20] [main/TRACE] [REI] [REIPlugin END] Reloading Section: "pre-stage/ItemComparatorRegistryImpl/"
[05:04:20] [main/TRACE] [REI] [REIPlugin END] Reloading Section: "pre-stage/ItemComparatorRegistryImpl/" done in 49.25 μs
[05:04:20] [main/TRACE] [REI] [REIPlugin END] Reloading Section: "pre-stage/FluidComparatorRegistryImpl/"
[05:04:20] [main/TRACE] [REI] [REIPlugin END] Reloading Section: "pre-stage/FluidComparatorRegistryImpl/" done in 92.09 μs
[05:04:20] [main/TRACE] [REI] [REIPlugin END] Reloading Section: "pre-stage/DisplaySerializerRegistryImpl/"
[05:04:20] [main/TRACE] [REI] [REIPlugin END] Reloading Section: "pre-stage/DisplaySerializerRegistryImpl/" done in 57.01 μs
[05:04:20] [main/TRACE] [REI] [REIPlugin END] Reloading Section: "pre-stage/FluidSupportProviderImpl/"
[05:04:20] [main/TRACE] [REI] [REIPlugin END] Reloading Section: "pre-stage/FluidSupportProviderImpl/" done in 50.54 μs
[05:04:20] [main/TRACE] [REI] [REIPlugin END] Reloading Section: "pre-stage/" done in 1.185 ms
[05:04:20] [main/DEBUG] [REI] ========================================
[05:04:20] [main/DEBUG] [REI] REIPlugin finished pre-reload for END in 1.762 ms.
[05:04:20] [main/DEBUG] [REI] ========================================
[05:04:20] [main/DEBUG] [REI] ========================================
[05:04:20] [main/DEBUG] [REI] REIServerPlugin starting pre-reload for END.
[05:04:20] [main/DEBUG] [REI] Reloadables (2):
[05:04:20] [main/DEBUG] [REI]  - MenuInfoRegistryImpl
[05:04:20] [main/DEBUG] [REI]  - SlotAccessorRegistryImpl
[05:04:20] [main/DEBUG] [REI] Plugins (2):
[05:04:20] [main/DEBUG] [REI]  - (-100.00) DefaultPluginImpl of DefaultPluginImpl [roughlyenoughitems]
[05:04:20] [main/DEBUG] [REI]  - (0.00) DefaultRuntimePlugin of DefaultRuntimePlugin [roughlyenoughitems]
[05:04:20] [main/DEBUG] [REI] ========================================
[05:04:20] [main/TRACE] [REI] [REIServerPlugin END] Reloading Section: "pre-register/"
[05:04:20] [main/TRACE] [REI] [REIServerPlugin END] Reloading Section: "pre-register/DefaultPluginImpl of DefaultPluginImpl [roughlyenoughitems]/"
[05:04:20] [main/TRACE] [REI] [REIServerPlugin END] Reloading Section: "pre-register/DefaultPluginImpl of DefaultPluginImpl [roughlyenoughitems]/" done in 60.26 μs
[05:04:20] [main/TRACE] [REI] [REIServerPlugin END] Reloading Section: "pre-register/DefaultRuntimePlugin of DefaultRuntimePlugin [roughlyenoughitems]/"
[05:04:20] [main/TRACE] [REI] [REIServerPlugin END] Reloading Section: "pre-register/DefaultRuntimePlugin of DefaultRuntimePlugin [roughlyenoughitems]/" done in 47.19 μs
[05:04:20] [main/TRACE] [REI] [REIServerPlugin END] Reloading Section: "pre-register/" done in 356.7 μs
[05:04:20] [main/TRACE] [REI] [REIServerPlugin END] Reloading Section: "pre-stage/"
[05:04:20] [main/TRACE] [REI] [REIServerPlugin END] Reloading Section: "pre-stage/MenuInfoRegistryImpl/"
[05:04:20] [main/TRACE] [REI] [REIServerPlugin END] Reloading Section: "pre-stage/MenuInfoRegistryImpl/" done in 48.33 μs
[05:04:20] [main/TRACE] [REI] [REIServerPlugin END] Reloading Section: "pre-stage/SlotAccessorRegistryImpl/"
[05:04:20] [main/TRACE] [REI] [REIServerPlugin END] Reloading Section: "pre-stage/SlotAccessorRegistryImpl/" done in 42.37 μs
[05:04:20] [main/TRACE] [REI] [REIServerPlugin END] Reloading Section: "pre-stage/" done in 319.2 μs
[05:04:20] [main/DEBUG] [REI] ========================================
[05:04:20] [main/DEBUG] [REI] REIServerPlugin finished pre-reload for END in 857.4 μs.
[05:04:20] [main/DEBUG] [REI] ========================================
[05:04:20] [main/INFO] [REI] ****************************************
[05:04:20] [main/INFO] [REI] REIPlugin starting main-reload for END.
[05:04:20] [main/DEBUG] [REI] Reloadables (7):
[05:04:20] [main/DEBUG] [REI]  - EntryTypeRegistryImpl
[05:04:20] [main/DEBUG] [REI]  - EntrySettingsAdapterRegistryImpl
[05:04:20] [main/DEBUG] [REI]  - RecipeManagerContextImpl
[05:04:20] [main/DEBUG] [REI]  - ItemComparatorRegistryImpl
[05:04:20] [main/DEBUG] [REI]  - FluidComparatorRegistryImpl
[05:04:20] [main/DEBUG] [REI]  - DisplaySerializerRegistryImpl
[05:04:20] [main/DEBUG] [REI]  - FluidSupportProviderImpl
[05:04:20] [main/INFO] [REI] Plugins (2):
[05:04:20] [main/INFO] [REI]  - (-100.00) DefaultPluginImpl of DefaultPluginImpl [roughlyenoughitems]
[05:04:20] [main/INFO] [REI]  - (0.00) DefaultRuntimePlugin of DefaultRuntimePlugin [roughlyenoughitems]
[05:04:20] [main/INFO] [REI] ****************************************
[05:04:20] [main/TRACE] [REI] [REIPlugin END] Reloading Section: "start-reload/"
[05:04:20] [main/TRACE] [REI] [REIPlugin END] Reloading Section: "start-reload/EntryTypeRegistryImpl/"
[05:04:20] [main/TRACE] [REI] [REIPlugin END] Reloading Section: "start-reload/EntryTypeRegistryImpl/" done in 44.60 μs
[05:04:20] [main/TRACE] [REI] [REIPlugin END] Reloading Section: "start-reload/EntrySettingsAdapterRegistryImpl/"
[05:04:20] [main/TRACE] [REI] [REIPlugin END] Reloading Section: "start-reload/EntrySettingsAdapterRegistryImpl/" done in 56.89 μs
[05:04:20] [main/TRACE] [REI] [REIPlugin END] Reloading Section: "start-reload/RecipeManagerContextImpl/"
[05:04:20] [main/TRACE] [REI] [REIPlugin END] Reloading Section: "start-reload/RecipeManagerContextImpl/" done in 46.42 μs
[05:04:20] [main/TRACE] [REI] [REIPlugin END] Reloading Section: "start-reload/ItemComparatorRegistryImpl/"
[05:04:20] [main/TRACE] [REI] [REIPlugin END] Reloading Section: "start-reload/ItemComparatorRegistryImpl/" done in 43.13 μs
[05:04:20] [main/TRACE] [REI] [REIPlugin END] Reloading Section: "start-reload/FluidComparatorRegistryImpl/"
[05:04:20] [main/TRACE] [REI] [REIPlugin END] Reloading Section: "start-reload/FluidComparatorRegistryImpl/" done in 44.78 μs
[05:04:20] [main/TRACE] [REI] [REIPlugin END] Reloading Section: "start-reload/DisplaySerializerRegistryImpl/"
[05:04:20] [main/TRACE] [REI] [REIPlugin END] Reloading Section: "start-reload/DisplaySerializerRegistryImpl/" done in 65.79 μs
[05:04:20] [main/TRACE] [REI] [REIPlugin END] Reloading Section: "start-reload/FluidSupportProviderImpl/"
[05:04:20] [main/TRACE] [REI] [REIPlugin END] Reloading Section: "start-reload/FluidSupportProviderImpl/" done in 43.41 μs
[05:04:20] [main/TRACE] [REI] [REIPlugin END] Reloading Section: "start-reload/" done in 1.080 ms
[05:04:20] [main/DEBUG] [REI] ========================================
[05:04:20] [main/DEBUG] [REI] REIPlugin started main-reload for END.
[05:04:20] [main/DEBUG] [REI] ========================================
[05:04:20] [main/TRACE] [REI] [REIPlugin END] Reloading Section: "reloadable-plugin/EntryTypeRegistryImpl/"
[05:04:20] [main/TRACE] [REI] [REIPlugin END] Reloading Section: "reloadable-plugin/EntryTypeRegistryImpl/DefaultPluginImpl of DefaultPluginImpl [roughlyenoughitems]/"
[05:04:20] [main/TRACE] [REI] [REIPlugin END] Reloading Section: "reloadable-plugin/EntryTypeRegistryImpl/DefaultPluginImpl of DefaultPluginImpl [roughlyenoughitems]/" done in 62.02 μs
[05:04:20] [main/TRACE] [REI] [REIPlugin END] Reloading Section: "reloadable-plugin/EntryTypeRegistryImpl/DefaultRuntimePlugin of DefaultRuntimePlugin [roughlyenoughitems]/"
[05:04:20] [main/TRACE] [REI] [REIPlugin END] Reloading Section: "reloadable-plugin/EntryTypeRegistryImpl/DefaultRuntimePlugin of DefaultRuntimePlugin [roughlyenoughitems]/" done in 61.32 μs
[05:04:20] [main/TRACE] [REI] [REIPlugin END] Reloading Section: "reloadable-plugin/EntryTypeRegistryImpl/" done in 442.9 μs
[05:04:20] [main/TRACE] [REI] [REIPlugin END] Reloading Section: "reloadable-plugin/EntrySettingsAdapterRegistryImpl/"
[05:04:20] [main/TRACE] [REI] [REIPlugin END] Reloading Section: "reloadable-plugin/EntrySettingsAdapterRegistryImpl/DefaultPluginImpl of DefaultPluginImpl [roughlyenoughitems]/"
[05:04:20] [main/TRACE] [REI] [REIPlugin END] Reloading Section: "reloadable-plugin/EntrySettingsAdapterRegistryImpl/DefaultPluginImpl of DefaultPluginImpl [roughlyenoughitems]/" done in 63.14 μs
[05:04:20] [main/TRACE] [REI] [REIPlugin END] Reloading Section: "reloadable-plugin/EntrySettingsAdapterRegistryImpl/DefaultRuntimePlugin of DefaultRuntimePlugin [roughlyenoughitems]/"
[05:04:20] [main/TRACE] [REI] [REIPlugin END] Reloading Section: "reloadable-plugin/EntrySettingsAdapterRegistryImpl/DefaultRuntimePlugin of DefaultRuntimePlugin [roughlyenoughitems]/" done in 59.41 μs
[05:04:20] [main/TRACE] [REI] [REIPlugin END] Reloading Section: "reloadable-plugin/EntrySettingsAdapterRegistryImpl/" done in 492.2 μs
[05:04:20] [main/TRACE] [REI] [REIPlugin END] Reloading Section: "reloadable-plugin/RecipeManagerContextImpl/"
[05:04:20] [main/TRACE] [REI] [REIPlugin END] Reloading Section: "reloadable-plugin/RecipeManagerContextImpl/DefaultPluginImpl of DefaultPluginImpl [roughlyenoughitems]/"
[05:04:20] [main/TRACE] [REI] [REIPlugin END] Reloading Section: "reloadable-plugin/RecipeManagerContextImpl/DefaultPluginImpl of DefaultPluginImpl [roughlyenoughitems]/" done in 65.54 μs
[05:04:20] [main/TRACE] [REI] [REIPlugin END] Reloading Section: "reloadable-plugin/RecipeManagerContextImpl/DefaultRuntimePlugin of DefaultRuntimePlugin [roughlyenoughitems]/"
[05:04:20] [main/TRACE] [REI] [REIPlugin END] Reloading Section: "reloadable-plugin/RecipeManagerContextImpl/DefaultRuntimePlugin of DefaultRuntimePlugin [roughlyenoughitems]/" done in 58.71 μs
[05:04:20] [main/TRACE] [REI] [REIPlugin END] Reloading Section: "reloadable-plugin/RecipeManagerContextImpl/" done in 407.4 μs
[05:04:20] [main/TRACE] [REI] [REIPlugin END] Reloading Section: "reloadable-plugin/ItemComparatorRegistryImpl/"
[05:04:20] [main/TRACE] [REI] [REIPlugin END] Reloading Section: "reloadable-plugin/ItemComparatorRegistryImpl/DefaultPluginImpl of DefaultPluginImpl [roughlyenoughitems]/"
[05:04:20] [main/TRACE] [REI] [REIPlugin END] Reloading Section: "reloadable-plugin/ItemComparatorRegistryImpl/DefaultPluginImpl of DefaultPluginImpl [roughlyenoughitems]/" done in 56.58 μs
[05:04:20] [main/TRACE] [REI] [REIPlugin END] Reloading Section: "reloadable-plugin/ItemComparatorRegistryImpl/DefaultRuntimePlugin of DefaultRuntimePlugin [roughlyenoughitems]/"
[05:04:20] [main/TRACE] [REI] [REIPlugin END] Reloading Section: "reloadable-plugin/ItemComparatorRegistryImpl/DefaultRuntimePlugin of DefaultRuntimePlugin [roughlyenoughitems]/" done in 53.78 μs
[05:04:20] [main/TRACE] [REI] [REIPlugin END] Reloading Section: "reloadable-plugin/ItemComparatorRegistryImpl/" done in 371.7 μs
[05:04:20] [main/TRACE] [REI] [REIPlugin END] Reloading Section: "reloadable-plugin/FluidComparatorRegistryImpl/"
[05:04:20] [main/TRACE] [REI] [REIPlugin END] Reloading Section: "reloadable-plugin/FluidComparatorRegistryImpl/DefaultPluginImpl of DefaultPluginImpl [roughlyenoughitems]/"
[05:04:20] [main/TRACE] [REI] [REIPlugin END] Reloading Section: "reloadable-plugin/FluidComparatorRegistryImpl/DefaultPluginImpl of DefaultPluginImpl [roughlyenoughitems]/" done in 54.00 μs
[05:04:20] [main/TRACE] [REI] [REIPlugin END] Reloading Section: "reloadable-plugin/FluidComparatorRegistryImpl/DefaultRuntimePlugin of DefaultRuntimePlugin [roughlyenoughitems]/"
[05:04:20] [main/TRACE] [REI] [REIPlugin END] Reloading Section: "reloadable-plugin/FluidComparatorRegistryImpl/DefaultRuntimePlugin of DefaultRuntimePlugin [roughlyenoughitems]/" done in 54.80 μs
[05:04:20] [main/TRACE] [REI] [REIPlugin END] Reloading Section: "reloadable-plugin/FluidComparatorRegistryImpl/" done in 366.1 μs
[05:04:20] [main/TRACE] [REI] [REIPlugin END] Reloading Section: "reloadable-plugin/DisplaySerializerRegistryImpl/"
[05:04:20] [main/TRACE] [REI] [REIPlugin END] Reloading Section: "reloadable-plugin/DisplaySerializerRegistryImpl/DefaultPluginImpl of DefaultPluginImpl [roughlyenoughitems]/"
[05:04:20] [main/TRACE] [REI] [REIPlugin END] Reloading Section: "reloadable-plugin/DisplaySerializerRegistryImpl/DefaultPluginImpl of DefaultPluginImpl [roughlyenoughitems]/" done in 18.18 ms
[05:04:20] [main/TRACE] [REI] [REIPlugin END] Reloading Section: "reloadable-plugin/DisplaySerializerRegistryImpl/DefaultRuntimePlugin of DefaultRuntimePlugin [roughlyenoughitems]/"
[05:04:20] [main/TRACE] [REI] [REIPlugin END] Reloading Section: "reloadable-plugin/DisplaySerializerRegistryImpl/DefaultRuntimePlugin of DefaultRuntimePlugin [roughlyenoughitems]/" done in 74.60 μs
[05:04:20] [main/TRACE] [REI] [REIPlugin END] Reloading Section: "reloadable-plugin/DisplaySerializerRegistryImpl/" done in 18.76 ms
[05:04:20] [main/TRACE] [REI] [REIPlugin END] Reloading Section: "reloadable-plugin/FluidSupportProviderImpl/"
[05:04:20] [main/TRACE] [REI] [REIPlugin END] Reloading Section: "reloadable-plugin/FluidSupportProviderImpl/DefaultPluginImpl of DefaultPluginImpl [roughlyenoughitems]/"
[05:04:20] [main/TRACE] [REI] [REIPlugin END] Reloading Section: "reloadable-plugin/FluidSupportProviderImpl/DefaultPluginImpl of DefaultPluginImpl [roughlyenoughitems]/" done in 73.18 μs
[05:04:20] [main/TRACE] [REI] [REIPlugin END] Reloading Section: "reloadable-plugin/FluidSupportProviderImpl/DefaultRuntimePlugin of DefaultRuntimePlugin [roughlyenoughitems]/"
[05:04:20] [main/TRACE] [REI] [REIPlugin END] Reloading Section: "reloadable-plugin/FluidSupportProviderImpl/DefaultRuntimePlugin of DefaultRuntimePlugin [roughlyenoughitems]/" done in 63.14 μs
[05:04:20] [main/TRACE] [REI] [REIPlugin END] Reloading Section: "reloadable-plugin/FluidSupportProviderImpl/" done in 414.4 μs
[05:04:20] [main/DEBUG] [REI] ========================================
[05:04:20] [main/DEBUG] [REI] REIPlugin ending main-reload for END.
[05:04:20] [main/DEBUG] [REI] ========================================
[05:04:20] [main/TRACE] [REI] [REIPlugin END] Reloading Section: "end-reload/"
[05:04:20] [main/TRACE] [REI] [REIPlugin END] Reloading Section: "end-reload/EntryTypeRegistryImpl/"
[05:04:20] [main/TRACE] [REI] [REIPlugin END] Reloading Section: "end-reload/EntryTypeRegistryImpl/" done in 34.05 μs
[05:04:20] [main/TRACE] [REI] [REIPlugin END] Reloading Section: "end-reload/EntrySettingsAdapterRegistryImpl/"
[05:04:20] [main/TRACE] [REI] [REIPlugin END] Reloading Section: "end-reload/EntrySettingsAdapterRegistryImpl/" done in 59.29 μs
[05:04:20] [main/TRACE] [REI] [REIPlugin END] Reloading Section: "end-reload/RecipeManagerContextImpl/"
[05:04:20] [main/TRACE] [REI] [REIPlugin END] Reloading Section: "end-reload/RecipeManagerContextImpl/" done in 35.67 μs
[05:04:20] [main/TRACE] [REI] [REIPlugin END] Reloading Section: "end-reload/ItemComparatorRegistryImpl/"
[05:04:20] [main/TRACE] [REI] [REIPlugin END] Reloading Section: "end-reload/ItemComparatorRegistryImpl/" done in 33.45 μs
[05:04:20] [main/TRACE] [REI] [REIPlugin END] Reloading Section: "end-reload/FluidComparatorRegistryImpl/"
[05:04:20] [main/TRACE] [REI] [REIPlugin END] Reloading Section: "end-reload/FluidComparatorRegistryImpl/" done in 32.94 μs
[05:04:20] [main/TRACE] [REI] [REIPlugin END] Reloading Section: "end-reload/DisplaySerializerRegistryImpl/"
[05:04:20] [main/TRACE] [REI] [REIPlugin END] Reloading Section: "end-reload/DisplaySerializerRegistryImpl/" done in 35.59 μs
[05:04:20] [main/TRACE] [REI] [REIPlugin END] Reloading Section: "end-reload/FluidSupportProviderImpl/"
[05:04:20] [main/TRACE] [REI] [REIPlugin END] Reloading Section: "end-reload/FluidSupportProviderImpl/" done in 33.91 μs
[05:04:20] [main/TRACE] [REI] [REIPlugin END] Reloading Section: "end-reload/" done in 798.4 μs
[05:04:20] [main/DEBUG] [REI] ========================================
[05:04:20] [main/DEBUG] [REI] REIPlugin ended main-reload for END in 27.12 ms.
[05:04:20] [main/DEBUG] [REI] ========================================
[05:04:20] [main/INFO] [REI] OOOOOOOOOOOOOOOOOOOOOOOOOOOOOOOOOOOOOOOO
[05:04:20] [main/INFO] [REI] REIServerPlugin starting main-reload for END.
[05:04:20] [main/DEBUG] [REI] Reloadables (2):
[05:04:20] [main/DEBUG] [REI]  - MenuInfoRegistryImpl
[05:04:20] [main/DEBUG] [REI]  - SlotAccessorRegistryImpl
[05:04:20] [main/INFO] [REI] Plugins (2):
[05:04:20] [main/INFO] [REI]  - (-100.00) DefaultPluginImpl of DefaultPluginImpl [roughlyenoughitems]
[05:04:20] [main/INFO] [REI]  - (0.00) DefaultRuntimePlugin of DefaultRuntimePlugin [roughlyenoughitems]
[05:04:20] [main/INFO] [REI] OOOOOOOOOOOOOOOOOOOOOOOOOOOOOOOOOOOOOOOO
[05:04:20] [main/TRACE] [REI] [REIServerPlugin END] Reloading Section: "start-reload/"
[05:04:20] [main/TRACE] [REI] [REIServerPlugin END] Reloading Section: "start-reload/MenuInfoRegistryImpl/"
[05:04:20] [main/TRACE] [REI] [REIServerPlugin END] Reloading Section: "start-reload/MenuInfoRegistryImpl/" done in 60.14 μs
[05:04:20] [main/TRACE] [REI] [REIServerPlugin END] Reloading Section: "start-reload/SlotAccessorRegistryImpl/"
[05:04:20] [main/TRACE] [REI] [REIServerPlugin END] Reloading Section: "start-reload/SlotAccessorRegistryImpl/" done in 61.19 μs
[05:04:20] [main/TRACE] [REI] [REIServerPlugin END] Reloading Section: "start-reload/" done in 360.9 μs
[05:04:20] [main/DEBUG] [REI] ========================================
[05:04:20] [main/DEBUG] [REI] REIServerPlugin started main-reload for END.
[05:04:20] [main/DEBUG] [REI] ========================================
[05:04:20] [main/TRACE] [REI] [REIServerPlugin END] Reloading Section: "reloadable-plugin/MenuInfoRegistryImpl/"
[05:04:20] [main/TRACE] [REI] [REIServerPlugin END] Reloading Section: "reloadable-plugin/MenuInfoRegistryImpl/DefaultPluginImpl of DefaultPluginImpl [roughlyenoughitems]/"
[05:04:20] [main/TRACE] [REI] [REIServerPlugin END] Reloading Section: "reloadable-plugin/MenuInfoRegistryImpl/DefaultPluginImpl of DefaultPluginImpl [roughlyenoughitems]/" done in 51.94 μs
[05:04:20] [main/TRACE] [REI] [REIServerPlugin END] Reloading Section: "reloadable-plugin/MenuInfoRegistryImpl/DefaultRuntimePlugin of DefaultRuntimePlugin [roughlyenoughitems]/"
[05:04:20] [main/TRACE] [REI] [REIServerPlugin END] Reloading Section: "reloadable-plugin/MenuInfoRegistryImpl/DefaultRuntimePlugin of DefaultRuntimePlugin [roughlyenoughitems]/" done in 37.99 μs
[05:04:20] [main/TRACE] [REI] [REIServerPlugin END] Reloading Section: "reloadable-plugin/MenuInfoRegistryImpl/" done in 287.5 μs
[05:04:20] [main/TRACE] [REI] [REIServerPlugin END] Reloading Section: "reloadable-plugin/SlotAccessorRegistryImpl/"
[05:04:20] [main/TRACE] [REI] [REIServerPlugin END] Reloading Section: "reloadable-plugin/SlotAccessorRegistryImpl/DefaultPluginImpl of DefaultPluginImpl [roughlyenoughitems]/"
[05:04:20] [main/TRACE] [REI] [REIServerPlugin END] Reloading Section: "reloadable-plugin/SlotAccessorRegistryImpl/DefaultPluginImpl of DefaultPluginImpl [roughlyenoughitems]/" done in 44.39 μs
[05:04:20] [main/TRACE] [REI] [REIServerPlugin END] Reloading Section: "reloadable-plugin/SlotAccessorRegistryImpl/DefaultRuntimePlugin of DefaultRuntimePlugin [roughlyenoughitems]/"
[05:04:20] [main/DEBUG] [REI] Added slot accessor serializer: me.shedaniel.rei.plugin.common.runtime.DefaultRuntimePlugin$1@3d8273a2 [roughlyenoughitems:vanilla]
[05:04:20] [main/DEBUG] [REI] Added slot accessor serializer: me.shedaniel.rei.plugin.common.runtime.DefaultRuntimePlugin$2@6ae89f43 [roughlyenoughitems:player]
[05:04:20] [main/TRACE] [REI] [REIServerPlugin END] Reloading Section: "reloadable-plugin/SlotAccessorRegistryImpl/DefaultRuntimePlugin of DefaultRuntimePlugin [roughlyenoughitems]/" done in 1.740 ms
[05:04:20] [main/TRACE] [REI] [REIServerPlugin END] Reloading Section: "reloadable-plugin/SlotAccessorRegistryImpl/" done in 1.996 ms
[05:04:20] [main/DEBUG] [REI] ========================================
[05:04:20] [main/DEBUG] [REI] REIServerPlugin ending main-reload for END.
[05:04:20] [main/DEBUG] [REI] ========================================
[05:04:20] [main/TRACE] [REI] [REIServerPlugin END] Reloading Section: "end-reload/"
[05:04:20] [main/TRACE] [REI] [REIServerPlugin END] Reloading Section: "end-reload/MenuInfoRegistryImpl/"
[05:04:20] [main/DEBUG] [REI] Registered 0 menu infos
[05:04:20] [main/TRACE] [REI] [REIServerPlugin END] Reloading Section: "end-reload/MenuInfoRegistryImpl/" done in 148.8 μs
[05:04:20] [main/TRACE] [REI] [REIServerPlugin END] Reloading Section: "end-reload/SlotAccessorRegistryImpl/"
[05:04:20] [main/DEBUG] [REI] Registered 2 slot accessor serializers
[05:04:20] [main/TRACE] [REI] [REIServerPlugin END] Reloading Section: "end-reload/SlotAccessorRegistryImpl/" done in 109.6 μs
[05:04:20] [main/TRACE] [REI] [REIServerPlugin END] Reloading Section: "end-reload/" done in 449.7 μs
[05:04:20] [main/DEBUG] [REI] ========================================
[05:04:20] [main/DEBUG] [REI] REIServerPlugin ended main-reload for END in 6.086 ms.
[05:04:20] [main/DEBUG] [REI] ========================================
[05:04:20] [main/DEBUG] [REI] ========================================
[05:04:20] [main/DEBUG] [REI] REIPlugin starting post-reload for END.
[05:04:20] [main/DEBUG] [REI] Reloadables (7):
[05:04:20] [main/DEBUG] [REI]  - EntryTypeRegistryImpl
[05:04:20] [main/DEBUG] [REI]  - EntrySettingsAdapterRegistryImpl
[05:04:20] [main/DEBUG] [REI]  - RecipeManagerContextImpl
[05:04:20] [main/DEBUG] [REI]  - ItemComparatorRegistryImpl
[05:04:20] [main/DEBUG] [REI]  - FluidComparatorRegistryImpl
[05:04:20] [main/DEBUG] [REI]  - DisplaySerializerRegistryImpl
[05:04:20] [main/DEBUG] [REI]  - FluidSupportProviderImpl
[05:04:20] [main/DEBUG] [REI] Plugins (2):
[05:04:20] [main/DEBUG] [REI]  - (-100.00) DefaultPluginImpl of DefaultPluginImpl [roughlyenoughitems]
[05:04:20] [main/DEBUG] [REI]  - (0.00) DefaultRuntimePlugin of DefaultRuntimePlugin [roughlyenoughitems]
[05:04:20] [main/DEBUG] [REI] ========================================
[05:04:20] [main/TRACE] [REI] [REIPlugin END] Reloading Section: "post-register/"
[05:04:20] [main/TRACE] [REI] [REIPlugin END] Reloading Section: "post-register/DefaultPluginImpl of DefaultPluginImpl [roughlyenoughitems]/"
[05:04:20] [main/TRACE] [REI] [REIPlugin END] Reloading Section: "post-register/DefaultPluginImpl of DefaultPluginImpl [roughlyenoughitems]/" done in 38.14 μs
[05:04:20] [main/TRACE] [REI] [REIPlugin END] Reloading Section: "post-register/DefaultRuntimePlugin of DefaultRuntimePlugin [roughlyenoughitems]/"
[05:04:20] [main/TRACE] [REI] [REIPlugin END] Reloading Section: "post-register/DefaultRuntimePlugin of DefaultRuntimePlugin [roughlyenoughitems]/" done in 35.55 μs
[05:04:20] [main/TRACE] [REI] [REIPlugin END] Reloading Section: "post-register/" done in 265.3 μs
[05:04:20] [main/TRACE] [REI] [REIPlugin END] Reloading Section: "post-stage/"
[05:04:20] [main/TRACE] [REI] [REIPlugin END] Reloading Section: "post-stage/EntryTypeRegistryImpl/"
[05:04:20] [main/TRACE] [REI] [REIPlugin END] Reloading Section: "post-stage/EntryTypeRegistryImpl/" done in 34.78 μs
[05:04:20] [main/TRACE] [REI] [REIPlugin END] Reloading Section: "post-stage/EntrySettingsAdapterRegistryImpl/"
[05:04:20] [main/TRACE] [REI] [REIPlugin END] Reloading Section: "post-stage/EntrySettingsAdapterRegistryImpl/" done in 31.54 μs
[05:04:20] [main/TRACE] [REI] [REIPlugin END] Reloading Section: "post-stage/RecipeManagerContextImpl/"
[05:04:20] [main/TRACE] [REI] [REIPlugin END] Reloading Section: "post-stage/RecipeManagerContextImpl/" done in 32.14 μs
[05:04:20] [main/TRACE] [REI] [REIPlugin END] Reloading Section: "post-stage/ItemComparatorRegistryImpl/"
[05:04:20] [main/TRACE] [REI] [REIPlugin END] Reloading Section: "post-stage/ItemComparatorRegistryImpl/" done in 30.32 μs
[05:04:20] [main/TRACE] [REI] [REIPlugin END] Reloading Section: "post-stage/FluidComparatorRegistryImpl/"
[05:04:20] [main/TRACE] [REI] [REIPlugin END] Reloading Section: "post-stage/FluidComparatorRegistryImpl/" done in 26.70 μs
[05:04:20] [main/TRACE] [REI] [REIPlugin END] Reloading Section: "post-stage/DisplaySerializerRegistryImpl/"
[05:04:20] [main/TRACE] [REI] [REIPlugin END] Reloading Section: "post-stage/DisplaySerializerRegistryImpl/" done in 34.06 μs
[05:04:20] [main/TRACE] [REI] [REIPlugin END] Reloading Section: "post-stage/FluidSupportProviderImpl/"
[05:04:20] [main/TRACE] [REI] [REIPlugin END] Reloading Section: "post-stage/FluidSupportProviderImpl/" done in 29.88 μs
[05:04:20] [main/TRACE] [REI] [REIPlugin END] Reloading Section: "post-stage/" done in 705.1 μs
[05:04:20] [main/DEBUG] [REI] ========================================
[05:04:20] [main/INFO] [REI] REIPlugin finished post-reload for END in 1.105 ms, totaling 29.93 ms.
[05:04:20] [main/DEBUG] [REI] ========================================
[05:04:20] [main/DEBUG] [REI] ========================================
[05:04:20] [main/DEBUG] [REI] REIServerPlugin starting post-reload for END.
[05:04:20] [main/DEBUG] [REI] Reloadables (2):
[05:04:20] [main/DEBUG] [REI]  - MenuInfoRegistryImpl
[05:04:20] [main/DEBUG] [REI]  - SlotAccessorRegistryImpl
[05:04:20] [main/DEBUG] [REI] Plugins (2):
[05:04:20] [main/DEBUG] [REI]  - (-100.00) DefaultPluginImpl of DefaultPluginImpl [roughlyenoughitems]
[05:04:20] [main/DEBUG] [REI]  - (0.00) DefaultRuntimePlugin of DefaultRuntimePlugin [roughlyenoughitems]
[05:04:20] [main/DEBUG] [REI] ========================================
[05:04:20] [main/TRACE] [REI] [REIServerPlugin END] Reloading Section: "post-register/"
[05:04:20] [main/TRACE] [REI] [REIServerPlugin END] Reloading Section: "post-register/DefaultPluginImpl of DefaultPluginImpl [roughlyenoughitems]/"
[05:04:20] [main/TRACE] [REI] [REIServerPlugin END] Reloading Section: "post-register/DefaultPluginImpl of DefaultPluginImpl [roughlyenoughitems]/" done in 42.35 μs
[05:04:20] [main/TRACE] [REI] [REIServerPlugin END] Reloading Section: "post-register/DefaultRuntimePlugin of DefaultRuntimePlugin [roughlyenoughitems]/"
[05:04:20] [main/TRACE] [REI] [REIServerPlugin END] Reloading Section: "post-register/DefaultRuntimePlugin of DefaultRuntimePlugin [roughlyenoughitems]/" done in 40.56 μs
[05:04:20] [main/TRACE] [REI] [REIServerPlugin END] Reloading Section: "post-register/" done in 294.5 μs
[05:04:20] [main/TRACE] [REI] [REIServerPlugin END] Reloading Section: "post-stage/"
[05:04:20] [main/TRACE] [REI] [REIServerPlugin END] Reloading Section: "post-stage/MenuInfoRegistryImpl/"
[05:04:20] [main/TRACE] [REI] [REIServerPlugin END] Reloading Section: "post-stage/MenuInfoRegistryImpl/" done in 38.39 μs
[05:04:20] [main/TRACE] [REI] [REIServerPlugin END] Reloading Section: "post-stage/SlotAccessorRegistryImpl/"
[05:04:20] [main/TRACE] [REI] [REIServerPlugin END] Reloading Section: "post-stage/SlotAccessorRegistryImpl/" done in 36.21 μs
[05:04:20] [main/TRACE] [REI] [REIServerPlugin END] Reloading Section: "post-stage/" done in 297.3 μs
[05:04:20] [main/DEBUG] [REI] ========================================
[05:04:20] [main/INFO] [REI] REIServerPlugin finished post-reload for END in 742.2 μs, totaling 7.633 ms.
[05:04:20] [main/DEBUG] [REI] ========================================
